TN:
SF:app/app.js
FNF:0
FNH:0
DA:7,1
DA:8,1
DA:9,1
DA:12,1
LF:4
LH:4
BRF:0
BRH:0
end_of_record
TN:
SF:app/formats.js
FNF:0
FNH:0
LF:0
LH:0
BRF:0
BRH:0
end_of_record
TN:
SF:app/router.js
FN:10,(anonymous_0)
FNF:1
FNH:1
FNDA:12,(anonymous_0)
DA:5,18
DA:6,18
DA:10,1
DA:11,12
DA:12,12
DA:13,12
DA:14,12
LF:7
LH:7
BRF:0
BRH:0
end_of_record
TN:
SF:app/components/image-preview-modal/component.js
FNF:0
FNH:0
DA:18,6
LF:1
LH:1
BRF:0
BRH:0
end_of_record
TN:
SF:app/components/site-footer/component.js
FN:16,(anonymous_0)
FNF:1
FNH:1
FNDA:10,(anonymous_0)
DA:17,10
LF:1
LH:1
BRF:0
BRH:0
end_of_record
TN:
SF:app/controllers/application.js
FN:36,(anonymous_0)
FN:54,(anonymous_1)
FNF:2
FNH:2
FNDA:13,(anonymous_0)
FNDA:11,(anonymous_1)
DA:22,0
DA:31,2
DA:37,13
DA:42,13
DA:55,11
LF:5
LH:4
BRF:0
BRH:0
end_of_record
TN:
SF:app/controllers/contact.js
FN:41,(anonymous_0)
FN:58,(anonymous_1)
FN:68,(anonymous_2)
FN:79,(anonymous_3)
FNF:4
FNH:2
FNDA:8,(anonymous_0)
FNDA:0,(anonymous_1)
FNDA:0,(anonymous_2)
FNDA:1,(anonymous_3)
DA:14,1
DA:23,13
DA:24,13
DA:30,4
DA:31,4
DA:32,4
DA:43,8
DA:45,8
DA:59,0
DA:69,0
DA:70,0
DA:80,1
DA:82,1
DA:84,1
DA:88,1
DA:89,1
LF:16
LH:13
BRDA:45,0,0,8
BRDA:45,0,1,4
BRDA:45,0,2,2
BRDA:84,1,0,1
BRDA:84,1,1,0
BRDA:84,2,0,1
BRDA:84,2,1,0
BRDA:85,3,0,1
BRDA:85,3,1,0
BRDA:85,4,0,1
BRDA:85,4,1,0
BRF:11
BRH:7
end_of_record
TN:
SF:app/helpers/html-safe.js
FN:10,(anonymous_0)
FNF:1
FNH:1
FNDA:82,(anonymous_0)
DA:11,82
DA:16,82
LF:2
LH:2
BRF:0
BRH:0
end_of_record
TN:
SF:app/models/portfolio-entry.js
FNF:0
FNH:0
LF:0
LH:0
BRF:0
BRH:0
end_of_record
TN:
SF:app/models/position.js
FNF:0
FNH:0
LF:0
LH:0
BRF:0
BRH:0
end_of_record
TN:
SF:app/models/skill.js
FNF:0
FNH:0
LF:0
LH:0
BRF:0
BRH:0
end_of_record
TN:
SF:app/routes/application.js
FNF:0
FNH:0
LF:0
LH:0
BRF:0
BRH:0
end_of_record
TN:
SF:app/routes/contact.js
FNF:0
FNH:0
LF:0
LH:0
BRF:0
BRH:0
end_of_record
TN:
SF:app/routes/home.js
FNF:0
FNH:0
LF:0
LH:0
BRF:0
BRH:0
end_of_record
TN:
SF:app/routes/portfolio.js
FN:19,(anonymous_0)
FN:31,(anonymous_1)
FN:41,(anonymous_2)
FN:42,(anonymous_3)
FN:45,(anonymous_4)
FN:59,(anonymous_5)
FNF:6
FNH:6
FNDA:2,(anonymous_0)
FNDA:2,(anonymous_1)
FNDA:2,(anonymous_2)
FNDA:5,(anonymous_3)
FNDA:5,(anonymous_4)
FNDA:2,(anonymous_5)
DA:20,2
DA:32,2
DA:42,5
DA:43,2
DA:45,2
DA:46,5
DA:49,2
DA:60,2
LF:8
LH:8
BRF:0
BRH:0
end_of_record
TN:
SF:app/routes/resume.js
FN:21,(anonymous_0)
FN:34,(anonymous_1)
FNF:2
FNH:2
FNDA:3,(anonymous_0)
FNDA:3,(anonymous_1)
DA:22,3
DA:35,3
DA:37,3
LF:3
LH:3
BRF:0
BRH:0
end_of_record
TN:
SF:app/serializers/application.js
FN:10,(anonymous_0)
FNF:1
FNH:1
FNDA:8,(anonymous_0)
DA:11,8
LF:1
LH:1
BRF:0
BRH:0
end_of_record
